<?xml version="1.0" encoding="UTF-8"?>
<testsuite xmlns:xsi="http://www.w3.org/2001/XMLSchema-instance" xsi:noNamespaceSchemaLocation="https://maven.apache.org/surefire/maven-surefire-plugin/xsd/surefire-test-report-3.0.xsd" version="3.0" name="com.example.mcprest.McpClientAppTest" time="5.34" tests="1" errors="0" skipped="0" failures="0">
  <properties>
[...]
</properties>
  <testcase name="testMcpClientIntegration" classname="com.example.mcprest.McpClientAppTest" time="1.362">
    <system-out><![CDATA[12:07:53.188 [main] INFO org.springframework.test.context.support.AnnotationConfigContextLoaderUtils -- Could not detect default configuration classes for test class [com.example.mcprest.McpClientAppTest]: McpClientAppTest does not declare any static, non-private, non-final, nested classes annotated with @Configuration.
12:07:53.350 [main] INFO org.springframework.boot.test.context.SpringBootTestContextBootstrapper -- Found @SpringBootConfiguration com.example.mcprest.McpRestApplication for test class com.example.mcprest.McpClientAppTest

  .   ____          _            __ _ _
 /\\ / ___'_ __ _ _(_)_ __  __ _ \ \ \ \
( ( )\___ | '_ | '_| | '_ \/ _` | \ \ \ \
 \\/  ___)| |_)| | | | | || (_| |  ) ) ) )
  '  |____| .__|_| |_|_| |_\__, | / / / /
 =========|_|==============|___/=/_/_/_/

 :: Spring Boot ::                (v3.4.3)

2026-08-02T12:07:53.925-04:00  INFO 864 --- [mcp-rest-system] [           main] com.example.mcprest.McpClientAppTest     : Starting McpClientAppTest using Java 25.0.3 with PID 864 (started by james in C:\Users\james\.gemini\antigravity\scratch\mcp-rest-system)
2026-08-02T12:07:53.926-04:00  INFO 864 --- [mcp-rest-system] [           main] com.example.mcprest.McpClientAppTest     : No active profile set, falling back to 1 default profile: "default"
2026-08-02T12:07:55.457-04:00  INFO 864 --- [mcp-rest-system] [           main] o.s.b.w.embedded.tomcat.TomcatWebServer  : Tomcat initialized with port 0 (http)
2026-08-02T12:07:55.474-04:00  INFO 864 --- [mcp-rest-system] [           main] o.apache.catalina.core.StandardService   : Starting service [Tomcat]
2026-08-02T12:07:55.475-04:00  INFO 864 --- [mcp-rest-system] [           main] o.apache.catalina.core.StandardEngine    : Starting Servlet engine: [Apache Tomcat/10.1.36]
2026-08-02T12:07:55.564-04:00  INFO 864 --- [mcp-rest-system] [           main] o.a.c.c.C.[Tomcat].[localhost].[/]       : Initializing Spring embedded WebApplicationContext
2026-08-02T12:07:55.566-04:00  INFO 864 --- [mcp-rest-system] [           main] w.s.c.ServletWebServerApplicationContext : Root WebApplicationContext: initialization completed in 1606 ms
2026-08-02T12:07:56.516-04:00  INFO 864 --- [mcp-rest-system] [           main] o.s.a.m.s.a.McpServerAutoConfiguration   : Registered tools: 3, notification: true
2026-08-02T12:07:56.935-04:00  INFO 864 --- [mcp-rest-system] [           main] o.s.b.w.embedded.tomcat.TomcatWebServer  : Tomcat started on port 53652 (http) with context path '/'
2026-08-02T12:07:56.953-04:00  INFO 864 --- [mcp-rest-system] [           main] com.example.mcprest.McpClientAppTest     : Started McpClientAppTest in 3.418 seconds (process running for 4.708)
Integration Test: Connecting client to http://localhost:53652/sse
2026-08-02T12:07:57.987-04:00  INFO 864 --- [mcp-rest-system] [o-auto-1-exec-1] o.a.c.c.C.[Tomcat].[localhost].[/]       : Initializing Spring DispatcherServlet 'dispatcherServlet'
2026-08-02T12:07:57.988-04:00  INFO 864 --- [mcp-rest-system] [o-auto-1-exec-1] o.s.web.servlet.DispatcherServlet        : Initializing Servlet 'dispatcherServlet'
2026-08-02T12:07:57.989-04:00  INFO 864 --- [mcp-rest-system] [o-auto-1-exec-1] o.s.web.servlet.DispatcherServlet        : Completed initialization in 1 ms
2026-08-02T12:07:58.105-04:00  INFO 864 --- [mcp-rest-system] [o-auto-1-exec-2] i.m.server.McpAsyncServer                : Client initialize request - Protocol: 2024-11-05, Capabilities: ClientCapabilities[experimental=null, roots=null, sampling=null], Info: Implementation[name=Java SDK MCP Client, version=1.0.0]
2026-08-02T12:07:58.142-04:00  INFO 864 --- [mcp-rest-system] [ient-4-Worker-0] i.m.client.McpAsyncClient                : Server response with Protocol: 2024-11-05, Capabilities: ServerCapabilities[experimental=null, logging=LoggingCapabilities[], prompts=null, resources=null, tools=ToolCapabilities[listChanged=true]], Info: Implementation[name=mcp-server, version=1.0.0] and Instructions null
2026-08-02T12:07:58.262-04:00 DEBUG 864 --- [mcp-rest-system] [oundedElastic-1] o.s.ai.tool.method.MethodToolCallback    : Starting execution of tool: listTasks
2026-08-02T12:07:58.263-04:00 DEBUG 864 --- [mcp-rest-system] [oundedElastic-1] o.s.ai.tool.method.MethodToolCallback    : Successful execution of tool: listTasks
2026-08-02T12:07:58.264-04:00 DEBUG 864 --- [mcp-rest-system] [oundedElastic-1] o.s.a.t.e.DefaultToolCallResultConverter : Converting tool result to JSON.
2026-08-02T12:07:58.301-04:00 DEBUG 864 --- [mcp-rest-system] [oundedElastic-1] o.s.ai.tool.method.MethodToolCallback    : Starting execution of tool: addTask
2026-08-02T12:07:58.302-04:00 DEBUG 864 --- [mcp-rest-system] [oundedElastic-1] o.s.ai.tool.method.MethodToolCallback    : Successful execution of tool: addTask
2026-08-02T12:07:58.302-04:00 DEBUG 864 --- [mcp-rest-system] [oundedElastic-1] o.s.a.t.e.DefaultToolCallResultConverter : Converting tool result to JSON.
2026-08-02T12:07:58.311-04:00 DEBUG 864 --- [mcp-rest-system] [oundedElastic-1] o.s.ai.tool.method.MethodToolCallback    : Starting execution of tool: listTasks
2026-08-02T12:07:58.312-04:00 DEBUG 864 --- [mcp-rest-system] [oundedElastic-1] o.s.ai.tool.method.MethodToolCallback    : Successful execution of tool: listTasks
2026-08-02T12:07:58.312-04:00 DEBUG 864 --- [mcp-rest-system] [oundedElastic-1] o.s.a.t.e.DefaultToolCallResultConverter : Converting tool result to JSON.
]]></system-out>
    <system-err><![CDATA[Mockito is currently self-attaching to enable the inline-mock-maker. This will no longer work in future releases of the JDK. Please add Mockito as an agent to your build what is described in Mockito's documentation: https://javadoc.io/doc/org.mockito/mockito-core/latest/org/mockito/Mockito.html#0.3
WARNING: A Java agent has been loaded dynamically (C:\Users\james\.m2\repository\net\bytebuddy\byte-buddy-agent\1.15.11\byte-buddy-agent-1.15.11.jar)
WARNING: If a serviceability tool is in use, please run with -XX:+EnableDynamicAgentLoading to hide this warning
WARNING: If a serviceability tool is not in use, please run with -Djdk.instrument.traceUsage for more information
WARNING: Dynamic loading of agents will be disallowed by default in a future release
]]></system-err>
  </testcase>
</testsuite>