<?xml version="1.0" encoding="UTF-8"?>
<testsuite xmlns:xsi="http://www.w3.org/2001/XMLSchema-instance" xsi:noNamespaceSchemaLocation="https://maven.apache.org/surefire/maven-surefire-plugin/xsd/surefire-test-report-3.0.xsd" version="3.0" name="com.example.flashcards.service.DeckServiceTest" time="0.955" tests="4" errors="0" skipped="0" failures="0">
  <properties>
[...]
</properties>
  <testcase name="testGetDueCards_UsesSqliteIndexToFilterCardsDueTodayOrEarlier" classname="com.example.flashcards.service.DeckServiceTest" time="0.769">
    <system-out><![CDATA[Standard Commons Logging discovery in action with spring-jcl: please remove commons-logging.jar from classpath in order to avoid potential conflicts
23:43:23.186 [main] INFO com.example.flashcards.repository.FlashcardRepository -- Initializing SQLite local transactional schema...
23:43:23.344 [main] INFO com.example.flashcards.repository.FlashcardRepository -- SQLite schema initialized successfully with indexed review columns.
23:43:23.477 [main] INFO com.example.flashcards.service.DeckService -- Retrieved 2 due cards from SQLite (total 3 cards in deck) for date 2026-09-12.
]]></system-out>
  </testcase>
  <testcase name="testBackupAndRestore_RestoresFromGoogleDriveTarget" classname="com.example.flashcards.service.DeckServiceTest" time="0.054">
    <system-out><![CDATA[23:43:23.502 [main] INFO com.example.flashcards.repository.FlashcardRepository -- Initializing SQLite local transactional schema...
23:43:23.522 [main] INFO com.example.flashcards.repository.FlashcardRepository -- SQLite schema initialized successfully with indexed review columns.
23:43:23.523 [main] INFO com.example.flashcards.service.DeckService -- Initiating restore from Google Drive backup target...
23:43:23.541 [main] INFO com.example.flashcards.repository.FlashcardRepository -- Replaced all cards for deck 'master-deck' (total 2 cards restored).
23:43:23.541 [main] INFO com.example.flashcards.service.DeckService -- Restore complete: restored 2 cards into SQLite deck 'master-deck'.
23:43:23.553 [main] INFO com.example.flashcards.service.DeckService -- Manual backup to Google Drive completed: 2 cards backed up.
]]></system-out>
  </testcase>
  <testcase name="testSyncCards_TransactionallyUpsertsInSqliteAndReplicatesToBackup" classname="com.example.flashcards.service.DeckServiceTest" time="0.067">
    <system-out><![CDATA[23:43:23.558 [main] INFO com.example.flashcards.repository.FlashcardRepository -- Initializing SQLite local transactional schema...
23:43:23.580 [main] INFO com.example.flashcards.repository.FlashcardRepository -- SQLite schema initialized successfully with indexed review columns.
23:43:23.614 [main] INFO com.example.flashcards.service.DeckService -- SQLite transactional sync complete: 2 cards processed, total cards now 2.
23:43:23.614 [main] INFO com.example.flashcards.service.DeckService -- Snapshot replicated to Google Drive backup target (version 2).
]]></system-out>
  </testcase>
  <testcase name="testValidateAndSanitize_RejectsInvalidCards" classname="com.example.flashcards.service.DeckServiceTest" time="0.026">
    <system-out><![CDATA[23:43:23.626 [main] INFO com.example.flashcards.repository.FlashcardRepository -- Initializing SQLite local transactional schema...
23:43:23.647 [main] INFO com.example.flashcards.repository.FlashcardRepository -- SQLite schema initialized successfully with indexed review columns.
]]></system-out>
  </testcase>
</testsuite>